d:\git_myproject\can_tool\debug\can_tool.pch
d:\git_myproject\can_tool\debug\vc120.pdb
d:\git_myproject\can_tool\debug\vc120.idb
d:\git_myproject\can_tool\debug\stdafx.obj
d:\git_myproject\can_tool\debug\can_tool.obj
d:\git_myproject\can_tool\debug\can_tooldlg.obj
d:\git_myproject\can_tool\debug\dialogcancfg.obj
d:\git_myproject\can_tool\debug\dialoglogcfg.obj
d:\git_myproject\can_tool\debug\can_tool.ilk
d:\git_myproject\can_tool\debug\can_tool.exe
d:\git_myproject\can_tool\debug\can_tool.pdb
d:\git_myproject\can_tool\debug\can_tool.res
d:\git_myproject\can_tool\debug\can_tool.tlog\cl.command.1.tlog
d:\git_myproject\can_tool\debug\can_tool.tlog\cl.read.1.tlog
d:\git_myproject\can_tool\debug\can_tool.tlog\cl.write.1.tlog
d:\git_myproject\can_tool\debug\can_tool.tlog\link.command.1.tlog
d:\git_myproject\can_tool\debug\can_tool.tlog\link.read.1.tlog
d:\git_myproject\can_tool\debug\can_tool.tlog\link.write.1.tlog
d:\git_myproject\can_tool\debug\can_tool.tlog\rc.command.1.tlog
d:\git_myproject\can_tool\debug\can_tool.tlog\rc.read.1.tlog
d:\git_myproject\can_tool\debug\can_tool.tlog\rc.write.1.tlog
